[2025-11-25 22:33:54] [*] Preloaded 0 cookiepedia labels from DB into cache.
[2025-11-25 22:33:56] [*] Preloaded 0 cookiesearch labels from DB into cache.
[2025-11-25 22:33:58] [*] START run: total_unlabeled=1002195
[2025-11-25 22:33:58] [*] Downloading filter list from https://easylist.to/easylist/easylist.txt ...
[2025-11-25 22:33:59]     -> extracted 43418 domains
[2025-11-25 22:33:59] [*] Total ad/tracking domains: 43418
[2025-11-25 22:33:59] [*] Labeling batch of 100 cookies ...
[2025-11-25 22:34:02] [CookieSearch] _fbp -> 'Advertisement'
[2025-11-25 22:34:02]   - [id=1] name=_fbp (burgerking.co.th) -> Targeting or Advertising Cookies (cookiesearch)
[2025-11-25 22:34:03] [CookieSearch] LineLiffId -> no category found
[2025-11-25 22:34:05]   - [id=2] name=LineLiffId (burgerking.co.th) -> unknown (cookiepedia)
[2025-11-25 22:34:08] [CookieSearch] env -> 'Other'
[2025-11-25 22:34:08]   - [id=3] name=env (burgerking.co.th) -> unknown (cookiesearch)
[2025-11-25 22:34:08]   - [id=4] name=LineLiffId (burgerking.co.th) -> unknown (cookiepedia)
[2025-11-25 22:34:08]   - [id=5] name=env (burgerking.co.th) -> unknown (cookiesearch)
[2025-11-25 22:34:09] [CookieSearch] TiPMix -> 'Necessary'
[2025-11-25 22:34:09]   - [id=6] name=TiPMix (prd-web-buzzebeesanalytic-api.azurewebsites.net) -> Strictly Necessary Cookies (cookiesearch)
[2025-11-25 22:34:11] [CookieSearch] x-ms-routing-name -> 'Necessary'
[2025-11-25 22:34:11]   - [id=7] name=x-ms-routing-name (prd-web-buzzebeesanalytic-api.azurewebsites.net) -> Strictly Necessary Cookies (cookiesearch)
[2025-11-25 22:34:12] [CookieSearch] wikia_beacon_id -> 'Other'
[2025-11-25 22:34:12]   - [id=8] name=wikia_beacon_id (fandom.com) -> unknown (cookiesearch)
[2025-11-25 22:34:13] [CookieSearch] _b2 -> no category found
[2025-11-25 22:34:14]   - [id=9] name=_b2 (fandom.com) -> unknown (cookiepedia)
[2025-11-25 22:34:17] [CookieSearch] exp_bucket -> no category found
[2025-11-25 22:34:18]   - [id=10] name=exp_bucket (fandom.com) -> unknown (cookiepedia)
[2025-11-25 22:34:19] [CookieSearch] exp_bucket_2 -> no category found
[2025-11-25 22:34:20]   - [id=11] name=exp_bucket_2 (fandom.com) -> unknown (cookiepedia)
[2025-11-25 22:34:23] [CookieSearch] Geo -> no category found
[2025-11-25 22:34:24]   - [id=12] name=Geo (fandom.com) -> Functionality Cookies (cookiepedia)
[2025-11-25 22:34:24]   - [id=13] name=wikia_beacon_id (fandom.com) -> unknown (cookiesearch)
[2025-11-25 22:34:24]   - [id=14] name=_b2 (fandom.com) -> unknown (cookiepedia)
[2025-11-25 22:34:24]   - [id=15] name=exp_bucket (fandom.com) -> unknown (cookiepedia)
[2025-11-25 22:34:24]   - [id=16] name=exp_bucket_2 (fandom.com) -> unknown (cookiepedia)
[2025-11-25 22:34:24]   - [id=17] name=Geo (fandom.com) -> Functionality Cookies (cookiepedia)
[2025-11-25 22:34:24]   - [id=18] name=YSC (youtube.com) -> Targeting or Advertising Cookies (filterlist)
[2025-11-25 22:34:24]   - [id=19] name=__Secure-YEC (youtube.com) -> Targeting or Advertising Cookies (filterlist)
[2025-11-25 22:34:24]   - [id=20] name=VISITOR_INFO1_LIVE (youtube.com) -> Targeting or Advertising Cookies (filterlist)
[2025-11-25 22:34:24]   - [id=21] name=VISITOR_PRIVACY_METADATA (youtube.com) -> Targeting or Advertising Cookies (filterlist)
[2025-11-25 22:34:24]   - [id=22] name=__Secure-ROLLOUT_TOKEN (youtube.com) -> Targeting or Advertising Cookies (filterlist)
[2025-11-25 22:34:24]   - [id=23] name=NID (google.com) -> Targeting or Advertising Cookies (filterlist)
[2025-11-25 22:34:24]   - [id=24] name=wikia_beacon_id (fandom.com) -> unknown (cookiesearch)
[2025-11-25 22:34:24]   - [id=25] name=_b2 (fandom.com) -> unknown (cookiepedia)
[2025-11-25 22:34:24]   - [id=26] name=exp_bucket (fandom.com) -> unknown (cookiepedia)
[2025-11-25 22:34:24]   - [id=27] name=exp_bucket_2 (fandom.com) -> unknown (cookiepedia)
[2025-11-25 22:34:24]   - [id=28] name=wikia_beacon_id (fandom.com) -> unknown (cookiesearch)
[2025-11-25 22:34:24]   - [id=29] name=_b2 (fandom.com) -> unknown (cookiepedia)
[2025-11-25 22:34:24]   - [id=30] name=exp_bucket (fandom.com) -> unknown (cookiepedia)
[2025-11-25 22:34:24]   - [id=31] name=exp_bucket_2 (fandom.com) -> unknown (cookiepedia)
[2025-11-25 22:34:24]   - [id=32] name=wikia_beacon_id (fandom.com) -> unknown (cookiesearch)
[2025-11-25 22:34:24]   - [id=33] name=_b2 (fandom.com) -> unknown (cookiepedia)
[2025-11-25 22:34:24]   - [id=34] name=exp_bucket (fandom.com) -> unknown (cookiepedia)
[2025-11-25 22:34:24]   - [id=35] name=exp_bucket_2 (fandom.com) -> unknown (cookiepedia)
[2025-11-25 22:34:24]   - [id=36] name=wikia_beacon_id (fandom.com) -> unknown (cookiesearch)
[2025-11-25 22:34:24]   - [id=37] name=_b2 (fandom.com) -> unknown (cookiepedia)
[2025-11-25 22:34:24]   - [id=38] name=exp_bucket (fandom.com) -> unknown (cookiepedia)
[2025-11-25 22:34:24]   - [id=39] name=exp_bucket_2 (fandom.com) -> unknown (cookiepedia)
[2025-11-25 22:34:24]   - [id=40] name=wikia_beacon_id (fandom.com) -> unknown (cookiesearch)
[2025-11-25 22:34:24]   - [id=41] name=_b2 (fandom.com) -> unknown (cookiepedia)
[2025-11-25 22:34:24]   - [id=42] name=exp_bucket (fandom.com) -> unknown (cookiepedia)
[2025-11-25 22:34:24]   - [id=43] name=exp_bucket_2 (fandom.com) -> unknown (cookiepedia)
[2025-11-25 22:34:24]   - [id=44] name=wikia_beacon_id (fandom.com) -> unknown (cookiesearch)
[2025-11-25 22:34:24]   - [id=45] name=_b2 (fandom.com) -> unknown (cookiepedia)
[2025-11-25 22:34:24]   - [id=46] name=exp_bucket (fandom.com) -> unknown (cookiepedia)
[2025-11-25 22:34:24]   - [id=47] name=exp_bucket_2 (fandom.com) -> unknown (cookiepedia)
[2025-11-25 22:34:24]   - [id=48] name=wikia_beacon_id (fandom.com) -> unknown (cookiesearch)
[2025-11-25 22:34:24]   - [id=49] name=_b2 (fandom.com) -> unknown (cookiepedia)
[2025-11-25 22:34:24]   - [id=50] name=exp_bucket (fandom.com) -> unknown (cookiepedia)
[2025-11-25 22:34:24]   - [id=51] name=exp_bucket_2 (fandom.com) -> unknown (cookiepedia)
[2025-11-25 22:34:24]   - [id=52] name=wikia_beacon_id (fandom.com) -> unknown (cookiesearch)
[2025-11-25 22:34:24]   - [id=53] name=_b2 (fandom.com) -> unknown (cookiepedia)
[2025-11-25 22:34:24]   - [id=54] name=exp_bucket (fandom.com) -> unknown (cookiepedia)
[2025-11-25 22:34:24]   - [id=55] name=exp_bucket_2 (fandom.com) -> unknown (cookiepedia)
[2025-11-25 22:34:24]   - [id=56] name=wikia_beacon_id (fandom.com) -> unknown (cookiesearch)
[2025-11-25 22:34:24]   - [id=57] name=_b2 (fandom.com) -> unknown (cookiepedia)
[2025-11-25 22:34:24]   - [id=58] name=exp_bucket (fandom.com) -> unknown (cookiepedia)
[2025-11-25 22:34:24]   - [id=59] name=exp_bucket_2 (fandom.com) -> unknown (cookiepedia)
[2025-11-25 22:34:24]   - [id=60] name=wikia_beacon_id (fandom.com) -> unknown (cookiesearch)
[2025-11-25 22:34:24]   - [id=61] name=_b2 (fandom.com) -> unknown (cookiepedia)
[2025-11-25 22:34:24]   - [id=62] name=exp_bucket (fandom.com) -> unknown (cookiepedia)
[2025-11-25 22:34:24]   - [id=63] name=exp_bucket_2 (fandom.com) -> unknown (cookiepedia)
[2025-11-25 22:34:24]   - [id=64] name=wikia_beacon_id (fandom.com) -> unknown (cookiesearch)
[2025-11-25 22:34:24]   - [id=65] name=_b2 (fandom.com) -> unknown (cookiepedia)
[2025-11-25 22:34:24]   - [id=66] name=exp_bucket_2 (fandom.com) -> unknown (cookiepedia)
[2025-11-25 22:34:24]   - [id=67] name=wikia_beacon_id (fandom.com) -> unknown (cookiesearch)
[2025-11-25 22:34:24]   - [id=68] name=_b2 (fandom.com) -> unknown (cookiepedia)
[2025-11-25 22:34:24]   - [id=69] name=exp_bucket (fandom.com) -> unknown (cookiepedia)
[2025-11-25 22:34:24]   - [id=70] name=exp_bucket_2 (fandom.com) -> unknown (cookiepedia)
[2025-11-25 22:34:24]   - [id=71] name=wikia_beacon_id (fandom.com) -> unknown (cookiesearch)
[2025-11-25 22:34:24]   - [id=72] name=_b2 (fandom.com) -> unknown (cookiepedia)
[2025-11-25 22:34:24]   - [id=73] name=exp_bucket (fandom.com) -> unknown (cookiepedia)
[2025-11-25 22:34:24]   - [id=74] name=exp_bucket_2 (fandom.com) -> unknown (cookiepedia)
[2025-11-25 22:34:24]   - [id=75] name=wikia_beacon_id (fandom.com) -> unknown (cookiesearch)
[2025-11-25 22:34:24]   - [id=76] name=_b2 (fandom.com) -> unknown (cookiepedia)
[2025-11-25 22:34:24]   - [id=77] name=exp_bucket (fandom.com) -> unknown (cookiepedia)
[2025-11-25 22:34:24]   - [id=78] name=exp_bucket_2 (fandom.com) -> unknown (cookiepedia)
[2025-11-25 22:34:24]   - [id=79] name=wikia_beacon_id (fandom.com) -> unknown (cookiesearch)
[2025-11-25 22:34:24]   - [id=80] name=_b2 (fandom.com) -> unknown (cookiepedia)
[2025-11-25 22:34:24]   - [id=81] name=exp_bucket (fandom.com) -> unknown (cookiepedia)
[2025-11-25 22:34:24]   - [id=82] name=exp_bucket_2 (fandom.com) -> unknown (cookiepedia)
[2025-11-25 22:34:24]   - [id=83] name=wikia_beacon_id (fandom.com) -> unknown (cookiesearch)
[2025-11-25 22:34:24]   - [id=84] name=_b2 (fandom.com) -> unknown (cookiepedia)
[2025-11-25 22:34:24]   - [id=85] name=exp_bucket (fandom.com) -> unknown (cookiepedia)
[2025-11-25 22:34:24]   - [id=86] name=exp_bucket_2 (fandom.com) -> unknown (cookiepedia)
[2025-11-25 22:34:24]   - [id=87] name=Geo (fandom.com) -> Functionality Cookies (cookiepedia)
[2025-11-25 22:34:24]   - [id=88] name=NID (google.com) -> Targeting or Advertising Cookies (filterlist)
[2025-11-25 22:34:24]   - [id=89] name=Geo (fandom.com) -> Functionality Cookies (cookiepedia)
[2025-11-25 22:34:25] [CookieSearch] __cf_bm -> 'Necessary'
[2025-11-25 22:34:25]   - [id=90] name=__cf_bm (fandom.com) -> Strictly Necessary Cookies (cookiesearch)
[2025-11-25 22:34:25]   - [id=91] name=YSC (youtube.com) -> Targeting or Advertising Cookies (filterlist)
[2025-11-25 22:34:25]   - [id=92] name=__Secure-YEC (youtube.com) -> Targeting or Advertising Cookies (filterlist)
[2025-11-25 22:34:25]   - [id=93] name=VISITOR_INFO1_LIVE (youtube.com) -> Targeting or Advertising Cookies (filterlist)
[2025-11-25 22:34:25]   - [id=94] name=VISITOR_PRIVACY_METADATA (youtube.com) -> Targeting or Advertising Cookies (filterlist)
[2025-11-25 22:34:25]   - [id=95] name=__Secure-ROLLOUT_TOKEN (youtube.com) -> Targeting or Advertising Cookies (filterlist)
[2025-11-25 22:34:25]   - [id=96] name=__Secure-YEC (youtube.com) -> Targeting or Advertising Cookies (filterlist)
[2025-11-25 22:34:25]   - [id=97] name=__Secure-ROLLOUT_TOKEN (youtube.com) -> Targeting or Advertising Cookies (filterlist)
[2025-11-25 22:34:25]   - [id=98] name=__Secure-YEC (youtube.com) -> Targeting or Advertising Cookies (filterlist)
[2025-11-25 22:34:25]   - [id=99] name=__Secure-YEC (youtube.com) -> Targeting or Advertising Cookies (filterlist)
[2025-11-25 22:34:25]   - [id=100] name=__Secure-YEC (youtube.com) -> Targeting or Advertising Cookies (filterlist)
[2025-11-25 22:34:25] [*] Batch committed. processed=100, est_remaining=1002095

[2025-11-25 22:34:25] [*] Labeling batch of 100 cookies ...
[2025-11-25 22:34:25]   - [id=101] name=__Secure-YEC (youtube.com) -> Targeting or Advertising Cookies (filterlist)
[2025-11-25 22:34:27] [CookieSearch] csrftoken -> 'Necessary'
[2025-11-25 22:34:27]   - [id=102] name=csrftoken (cronitor.io) -> Strictly Necessary Cookies (cookiesearch)
[2025-11-25 22:34:27]   - [id=103] name=YSC (youtube.com) -> Targeting or Advertising Cookies (filterlist)
[2025-11-25 22:34:27]   - [id=104] name=__Secure-YEC (youtube.com) -> Targeting or Advertising Cookies (filterlist)
[2025-11-25 22:34:27]   - [id=105] name=VISITOR_INFO1_LIVE (youtube.com) -> Targeting or Advertising Cookies (filterlist)
[2025-11-25 22:34:27]   - [id=106] name=VISITOR_PRIVACY_METADATA (youtube.com) -> Targeting or Advertising Cookies (filterlist)
[2025-11-25 22:34:27]   - [id=107] name=__Secure-ROLLOUT_TOKEN (youtube.com) -> Targeting or Advertising Cookies (filterlist)
[2025-11-25 22:34:27]   - [id=108] name=__Secure-YEC (youtube.com) -> Targeting or Advertising Cookies (filterlist)
[2025-11-25 22:34:27]   - [id=109] name=__Secure-ROLLOUT_TOKEN (youtube.com) -> Targeting or Advertising Cookies (filterlist)
[2025-11-25 22:34:27]   - [id=110] name=__Secure-YEC (youtube.com) -> Targeting or Advertising Cookies (filterlist)
[2025-11-25 22:34:27]   - [id=111] name=__Secure-YEC (youtube.com) -> Targeting or Advertising Cookies (filterlist)
[2025-11-25 22:34:27]   - [id=112] name=__Secure-YEC (youtube.com) -> Targeting or Advertising Cookies (filterlist)
[2025-11-25 22:34:27]   - [id=113] name=__Secure-YEC (youtube.com) -> Targeting or Advertising Cookies (filterlist)
[2025-11-25 22:34:27]   - [id=114] name=csrftoken (cronitor.io) -> Strictly Necessary Cookies (cookiesearch)
[2025-11-25 22:34:27]   - [id=115] name=csrftoken (cronitor.io) -> Strictly Necessary Cookies (cookiesearch)
[2025-11-25 22:34:28] [CookieSearch] cmarkea.homepage.header.image.index -> no category found
[2025-11-25 22:34:28] [Cookiepedia] cmarkea.homepage.header.image.index -> HTTP 429, backoff 15.1s (attempt 1/3)
